<!DOCTYPE html PUBLIC "-//W3C//DTD XHTML 1.1//EN" "http://www.w3.org/TR/xhtml11/DTD/xhtml11.dtd">
<html xmlns="http://www.w3.org/1999/xhtml"><head><title>TestNG Report</title><style type="text/css">table {margin-bottom:10px;border-collapse:collapse;empty-cells:show}th,td {border:1px solid #009;padding:.25em .5em}th {vertical-align:bottom}td {vertical-align:top}table a {font-weight:bold}.stripe td {background-color: #E6EBF9}.num {text-align:right}.passedodd td {background-color: #3F3}.passedeven td {background-color: #0A0}.skippedodd td {background-color: #DDD}.skippedeven td {background-color: #CCC}.failedodd td,.attn {background-color: #F33}.failedeven td,.stripe .attn {background-color: #D00}.stacktrace {white-space:pre;font-family:monospace}.totop {font-size:85%;text-align:center;border-bottom:2px solid #000}</style></head><body><table><tr><th>Test</th><th># Passed</th><th># Skipped</th><th># Failed</th><th>Time (ms)</th><th>Included Groups</th><th>Excluded Groups</th></tr><tr><th colspan="7">Default suite</th></tr><tr><td><a href="#t0">Default test</a></td><td class="num">36</td><td class="num">0</td><td class="num attn">5</td><td class="num">173,739</td><td></td><td></td></tr></table><table><thead><tr><th>Class</th><th>Method</th><th>Start</th><th>Time (ms)</th></tr></thead><tbody><tr><th colspan="4">Default suite</th></tr></tbody><tbody id="t0"><tr><th colspan="4">Default test &#8212; failed</th></tr><tr class="failedeven"><td rowspan="5">Executer.Execute</td><td><a href="#m0">getSteps</a></td><td rowspan="5">1519025713901</td><td rowspan="5">351</td></tr><tr class="failedeven"><td><a href="#m1">getSteps</a></td></tr><tr class="failedeven"><td><a href="#m2">getSteps</a></td></tr><tr class="failedeven"><td><a href="#m3">getSteps</a></td></tr><tr class="failedeven"><td><a href="#m4">getSteps</a></td></tr><tr><th colspan="4">Default test &#8212; passed</th></tr><tr class="passedeven"><td rowspan="36">Executer.Execute</td><td><a href="#m5">getSteps</a></td><td rowspan="36">1519025811632</td><td rowspan="36">1556</td></tr><tr class="passedeven"><td><a href="#m6">getSteps</a></td></tr><tr class="passedeven"><td><a href="#m7">getSteps</a></td></tr><tr class="passedeven"><td><a href="#m8">getSteps</a></td></tr><tr class="passedeven"><td><a href="#m9">getSteps</a></td></tr><tr class="passedeven"><td><a href="#m10">getSteps</a></td></tr><tr class="passedeven"><td><a href="#m11">getSteps</a></td></tr><tr class="passedeven"><td><a href="#m12">getSteps</a></td></tr><tr class="passedeven"><td><a href="#m13">getSteps</a></td></tr><tr class="passedeven"><td><a href="#m14">getSteps</a></td></tr><tr class="passedeven"><td><a href="#m15">getSteps</a></td></tr><tr class="passedeven"><td><a href="#m16">getSteps</a></td></tr><tr class="passedeven"><td><a href="#m17">getSteps</a></td></tr><tr class="passedeven"><td><a href="#m18">getSteps</a></td></tr><tr class="passedeven"><td><a href="#m19">getSteps</a></td></tr><tr class="passedeven"><td><a href="#m20">getSteps</a></td></tr><tr class="passedeven"><td><a href="#m21">getSteps</a></td></tr><tr class="passedeven"><td><a href="#m22">getSteps</a></td></tr><tr class="passedeven"><td><a href="#m23">getSteps</a></td></tr><tr class="passedeven"><td><a href="#m24">getSteps</a></td></tr><tr class="passedeven"><td><a href="#m25">getSteps</a></td></tr><tr class="passedeven"><td><a href="#m26">getSteps</a></td></tr><tr class="passedeven"><td><a href="#m27">getSteps</a></td></tr><tr class="passedeven"><td><a href="#m28">getSteps</a></td></tr><tr class="passedeven"><td><a href="#m29">getSteps</a></td></tr><tr class="passedeven"><td><a href="#m30">getSteps</a></td></tr><tr class="passedeven"><td><a href="#m31">getSteps</a></td></tr><tr class="passedeven"><td><a href="#m32">getSteps</a></td></tr><tr class="passedeven"><td><a href="#m33">getSteps</a></td></tr><tr class="passedeven"><td><a href="#m34">getSteps</a></td></tr><tr class="passedeven"><td><a href="#m35">getSteps</a></td></tr><tr class="passedeven"><td><a href="#m36">getSteps</a></td></tr><tr class="passedeven"><td><a href="#m37">getSteps</a></td></tr><tr class="passedeven"><td><a href="#m38">getSteps</a></td></tr><tr class="passedeven"><td><a href="#m39">getSteps</a></td></tr><tr class="passedeven"><td><a href="#m40">getSteps</a></td></tr></tbody></table><h2>Default test</h2><h3 id="m0">Executer.Execute#getSteps</h3><table class="result"><tr class="param"><th>Parameter #1</th><th>Parameter #2</th><th>Parameter #3</th><th>Parameter #4</th><th>Parameter #5</th><th>Parameter #6</th><th>Parameter #7</th><th>Parameter #8</th><th>Parameter #9</th><th>Parameter #10</th></tr><tr class="param stripe"><td>Self Registration</td><td>22.0</td><td>Pruser1 Logout</td><td>Logout</td><td>.//*[@id=&apos;menu-top&apos;]/li/span</td><td>.//*[text()=&apos;Logout&apos;]</td><td>NA</td><td>NA</td><td>NA</td><td>NA</td></tr><tr><th colspan="10">Exception</th></tr><tr><td colspan="10"><div class="stacktrace">org.openqa.selenium.ElementNotVisibleException: element not visible
  (Session info: chrome=63.0.3239.132)
  (Driver info: chromedriver=2.33.506120 (e3e53437346286c0bc2d2dc9aa4915ba81d9023f),platform=Windows NT 6.1.7601 SP1 x86_64) (WARNING: The server did not provide any stacktrace information)
Command duration or timeout: 58 milliseconds
Build info: version: &apos;2.48.2&apos;, revision: &apos;41bccdd10cf2c0560f637404c2d96164b67d9d67&apos;, time: &apos;2015-10-09 13:08:06&apos;
System info: host: &apos;SDF4-110-017&apos;, ip: &apos;10.254.19.142&apos;, os.name: &apos;Windows 7&apos;, os.arch: &apos;x86&apos;, os.version: &apos;6.1&apos;, java.version: &apos;1.8.0_121&apos;
Driver info: org.openqa.selenium.chrome.ChromeDriver
Capabilities [{applicationCacheEnabled=false, rotatable=false, mobileEmulationEnabled=false, networkConnectionEnabled=false, chrome={chromedriverVersion=2.33.506120 (e3e53437346286c0bc2d2dc9aa4915ba81d9023f), userDataDir=C:\Users\ANUJ~1.JAI\AppData\Local\Temp\scoped_dir8604_10923}, takesHeapSnapshot=true, pageLoadStrategy=normal, databaseEnabled=false, handlesAlerts=true, hasTouchScreen=false, version=63.0.3239.132, platform=XP, browserConnectionEnabled=false, nativeEvents=true, acceptSslCerts=true, locationContextEnabled=true, webStorageEnabled=true, browserName=chrome, takesScreenshot=true, javascriptEnabled=true, cssSelectorsEnabled=true, setWindowRect=true, unexpectedAlertBehaviour=}]
Session ID: 4a31d6f9400def3863aa9596903ddf5a
	at sun.reflect.NativeConstructorAccessorImpl.newInstance0(Native Method)
	at sun.reflect.NativeConstructorAccessorImpl.newInstance(Unknown Source)
	at sun.reflect.DelegatingConstructorAccessorImpl.newInstance(Unknown Source)
	at java.lang.reflect.Constructor.newInstance(Unknown Source)
	at org.openqa.selenium.remote.ErrorHandler.createThrowable(ErrorHandler.java:206)
	at org.openqa.selenium.remote.ErrorHandler.throwIfResponseFailed(ErrorHandler.java:158)
	at org.openqa.selenium.remote.RemoteWebDriver.execute(RemoteWebDriver.java:647)
	at org.openqa.selenium.remote.RemoteWebElement.execute(RemoteWebElement.java:326)
	at org.openqa.selenium.remote.RemoteWebElement.click(RemoteWebElement.java:84)
	at Keywords.Logout.LoginLogoutVerify(Logout.java:17)
	at Executer.ExecuteKeywords.ExecuteTheKeywords(ExecuteKeywords.java:86)
	at Executer.Execute.getSteps(Execute.java:26)
	at sun.reflect.GeneratedMethodAccessor2.invoke(Unknown Source)
	at sun.reflect.DelegatingMethodAccessorImpl.invoke(Unknown Source)
	at java.lang.reflect.Method.invoke(Unknown Source)
	at org.testng.internal.MethodInvocationHelper.invokeMethod(MethodInvocationHelper.java:104)
	at org.testng.internal.Invoker.invokeMethod(Invoker.java:645)
	at org.testng.internal.Invoker.invokeTestMethod(Invoker.java:851)
	at org.testng.internal.Invoker.invokeTestMethods(Invoker.java:1177)
	at org.testng.internal.TestMethodWorker.invokeTestMethods(TestMethodWorker.java:129)
	at org.testng.internal.TestMethodWorker.run(TestMethodWorker.java:112)
	at org.testng.TestRunner.privateRun(TestRunner.java:756)
	at org.testng.TestRunner.run(TestRunner.java:610)
	at org.testng.SuiteRunner.runTest(SuiteRunner.java:387)
	at org.testng.SuiteRunner.runSequentially(SuiteRunner.java:382)
	at org.testng.SuiteRunner.privateRun(SuiteRunner.java:340)
	at org.testng.SuiteRunner.run(SuiteRunner.java:289)
	at org.testng.SuiteRunnerWorker.runSuite(SuiteRunnerWorker.java:52)
	at org.testng.SuiteRunnerWorker.run(SuiteRunnerWorker.java:86)
	at org.testng.TestNG.runSuitesSequentially(TestNG.java:1293)
	at org.testng.TestNG.runSuitesLocally(TestNG.java:1218)
	at org.testng.TestNG.runSuites(TestNG.java:1133)
	at org.testng.TestNG.run(TestNG.java:1104)
	at org.testng.remote.AbstractRemoteTestNG.run(AbstractRemoteTestNG.java:132)
	at org.testng.remote.RemoteTestNG.initAndRun(RemoteTestNG.java:236)
	at org.testng.remote.RemoteTestNG.main(RemoteTestNG.java:81)
</div></td></tr></table><p class="totop"><a href="#summary">back to summary</a></p><h3 id="m1">Executer.Execute#getSteps</h3><table class="result"><tr class="param"><th>Parameter #1</th><th>Parameter #2</th><th>Parameter #3</th><th>Parameter #4</th><th>Parameter #5</th><th>Parameter #6</th><th>Parameter #7</th><th>Parameter #8</th><th>Parameter #9</th><th>Parameter #10</th></tr><tr class="param stripe"><td>SR-SysadminLogin</td><td>27.0</td><td>Click on the Radio Button</td><td>Click</td><td>.//*[@id=&apos;choice1&apos;]</td><td>NA</td><td>NA</td><td>NA</td><td>NA</td><td>NA</td></tr><tr><th colspan="10">Exception</th></tr><tr><td colspan="10"><div class="stacktrace">org.openqa.selenium.NoSuchElementException: no such element: Unable to locate element: {&quot;method&quot;:&quot;xpath&quot;,&quot;selector&quot;:&quot;.//*[@id=&apos;choice1&apos;]&quot;}
  (Session info: chrome=63.0.3239.132)
  (Driver info: chromedriver=2.33.506120 (e3e53437346286c0bc2d2dc9aa4915ba81d9023f),platform=Windows NT 6.1.7601 SP1 x86_64) (WARNING: The server did not provide any stacktrace information)
Command duration or timeout: 11.70 seconds
For documentation on this error, please visit: http://seleniumhq.org/exceptions/no_such_element.html
Build info: version: &apos;2.48.2&apos;, revision: &apos;41bccdd10cf2c0560f637404c2d96164b67d9d67&apos;, time: &apos;2015-10-09 13:08:06&apos;
System info: host: &apos;SDF4-110-017&apos;, ip: &apos;10.254.19.142&apos;, os.name: &apos;Windows 7&apos;, os.arch: &apos;x86&apos;, os.version: &apos;6.1&apos;, java.version: &apos;1.8.0_121&apos;
Driver info: org.openqa.selenium.chrome.ChromeDriver
Capabilities [{applicationCacheEnabled=false, rotatable=false, mobileEmulationEnabled=false, networkConnectionEnabled=false, chrome={chromedriverVersion=2.33.506120 (e3e53437346286c0bc2d2dc9aa4915ba81d9023f), userDataDir=C:\Users\ANUJ~1.JAI\AppData\Local\Temp\scoped_dir8540_12917}, takesHeapSnapshot=true, pageLoadStrategy=normal, databaseEnabled=false, handlesAlerts=true, hasTouchScreen=false, version=63.0.3239.132, platform=XP, browserConnectionEnabled=false, nativeEvents=true, acceptSslCerts=true, locationContextEnabled=true, webStorageEnabled=true, browserName=chrome, takesScreenshot=true, javascriptEnabled=true, cssSelectorsEnabled=true, setWindowRect=true, unexpectedAlertBehaviour=}]
Session ID: 8a125378267d7c7ff9618e46010a4842
*** Element info: {Using=xpath, value=.//*[@id=&apos;choice1&apos;]}
	at sun.reflect.NativeConstructorAccessorImpl.newInstance0(Native Method)
	at sun.reflect.NativeConstructorAccessorImpl.newInstance(Unknown Source)
	at sun.reflect.DelegatingConstructorAccessorImpl.newInstance(Unknown Source)
	at java.lang.reflect.Constructor.newInstance(Unknown Source)
	at org.openqa.selenium.remote.ErrorHandler.createThrowable(ErrorHandler.java:206)
	at org.openqa.selenium.remote.ErrorHandler.throwIfResponseFailed(ErrorHandler.java:158)
	at org.openqa.selenium.remote.RemoteWebDriver.execute(RemoteWebDriver.java:647)
	at org.openqa.selenium.remote.RemoteWebDriver.findElement(RemoteWebDriver.java:353)
	at org.openqa.selenium.remote.RemoteWebDriver.findElementByXPath(RemoteWebDriver.java:490)
	at org.openqa.selenium.By$ByXPath.findElement(By.java:361)
	at org.openqa.selenium.remote.RemoteWebDriver.findElement(RemoteWebDriver.java:345)
	at Keywords.click.clickTheButton(click.java:15)
	at Executer.ExecuteKeywords.ExecuteTheKeywords(ExecuteKeywords.java:66)
	at Executer.Execute.getSteps(Execute.java:26)
	at sun.reflect.GeneratedMethodAccessor2.invoke(Unknown Source)
	at sun.reflect.DelegatingMethodAccessorImpl.invoke(Unknown Source)
	at java.lang.reflect.Method.invoke(Unknown Source)
	at org.testng.internal.MethodInvocationHelper.invokeMethod(MethodInvocationHelper.java:104)
	at org.testng.internal.Invoker.invokeMethod(Invoker.java:645)
	at org.testng.internal.Invoker.invokeTestMethod(Invoker.java:851)
	at org.testng.internal.Invoker.invokeTestMethods(Invoker.java:1177)
	at org.testng.internal.TestMethodWorker.invokeTestMethods(TestMethodWorker.java:129)
	at org.testng.internal.TestMethodWorker.run(TestMethodWorker.java:112)
	at org.testng.TestRunner.privateRun(TestRunner.java:756)
	at org.testng.TestRunner.run(TestRunner.java:610)
	at org.testng.SuiteRunner.runTest(SuiteRunner.java:387)
	at org.testng.SuiteRunner.runSequentially(SuiteRunner.java:382)
	at org.testng.SuiteRunner.privateRun(SuiteRunner.java:340)
	at org.testng.SuiteRunner.run(SuiteRunner.java:289)
	at org.testng.SuiteRunnerWorker.runSuite(SuiteRunnerWorker.java:52)
	at org.testng.SuiteRunnerWorker.run(SuiteRunnerWorker.java:86)
	at org.testng.TestNG.runSuitesSequentially(TestNG.java:1293)
	at org.testng.TestNG.runSuitesLocally(TestNG.java:1218)
	at org.testng.TestNG.runSuites(TestNG.java:1133)
	at org.testng.TestNG.run(TestNG.java:1104)
	at org.testng.remote.AbstractRemoteTestNG.run(AbstractRemoteTestNG.java:132)
	at org.testng.remote.RemoteTestNG.initAndRun(RemoteTestNG.java:236)
	at org.testng.remote.RemoteTestNG.main(RemoteTestNG.java:81)
</div></td></tr></table><p class="totop"><a href="#summary">back to summary</a></p><h3 id="m2">Executer.Execute#getSteps</h3><table class="result"><tr class="param"><th>Parameter #1</th><th>Parameter #2</th><th>Parameter #3</th><th>Parameter #4</th><th>Parameter #5</th><th>Parameter #6</th><th>Parameter #7</th><th>Parameter #8</th><th>Parameter #9</th><th>Parameter #10</th></tr><tr class="param stripe"><td>SR-SysadminLogin</td><td>38.0</td><td>Sysadmin Logout</td><td>Logout</td><td>.//*[@id=&apos;menu-top&apos;]/li/span</td><td>.//*[text()=&apos;Logout&apos;]</td><td>NA</td><td>NA</td><td>NA</td><td>NA</td></tr><tr><th colspan="10">Exception</th></tr><tr><td colspan="10"><div class="stacktrace">org.openqa.selenium.ElementNotVisibleException: element not visible
  (Session info: chrome=63.0.3239.132)
  (Driver info: chromedriver=2.33.506120 (e3e53437346286c0bc2d2dc9aa4915ba81d9023f),platform=Windows NT 6.1.7601 SP1 x86_64) (WARNING: The server did not provide any stacktrace information)
Command duration or timeout: 54 milliseconds
Build info: version: &apos;2.48.2&apos;, revision: &apos;41bccdd10cf2c0560f637404c2d96164b67d9d67&apos;, time: &apos;2015-10-09 13:08:06&apos;
System info: host: &apos;SDF4-110-017&apos;, ip: &apos;10.254.19.142&apos;, os.name: &apos;Windows 7&apos;, os.arch: &apos;x86&apos;, os.version: &apos;6.1&apos;, java.version: &apos;1.8.0_121&apos;
Driver info: org.openqa.selenium.chrome.ChromeDriver
Capabilities [{applicationCacheEnabled=false, rotatable=false, mobileEmulationEnabled=false, networkConnectionEnabled=false, chrome={chromedriverVersion=2.33.506120 (e3e53437346286c0bc2d2dc9aa4915ba81d9023f), userDataDir=C:\Users\ANUJ~1.JAI\AppData\Local\Temp\scoped_dir8540_12917}, takesHeapSnapshot=true, pageLoadStrategy=normal, databaseEnabled=false, handlesAlerts=true, hasTouchScreen=false, version=63.0.3239.132, platform=XP, browserConnectionEnabled=false, nativeEvents=true, acceptSslCerts=true, locationContextEnabled=true, webStorageEnabled=true, browserName=chrome, takesScreenshot=true, javascriptEnabled=true, cssSelectorsEnabled=true, setWindowRect=true, unexpectedAlertBehaviour=}]
Session ID: 8a125378267d7c7ff9618e46010a4842
	at sun.reflect.NativeConstructorAccessorImpl.newInstance0(Native Method)
	at sun.reflect.NativeConstructorAccessorImpl.newInstance(Unknown Source)
	at sun.reflect.DelegatingConstructorAccessorImpl.newInstance(Unknown Source)
	at java.lang.reflect.Constructor.newInstance(Unknown Source)
	at org.openqa.selenium.remote.ErrorHandler.createThrowable(ErrorHandler.java:206)
	at org.openqa.selenium.remote.ErrorHandler.throwIfResponseFailed(ErrorHandler.java:158)
	at org.openqa.selenium.remote.RemoteWebDriver.execute(RemoteWebDriver.java:647)
	at org.openqa.selenium.remote.RemoteWebElement.execute(RemoteWebElement.java:326)
	at org.openqa.selenium.remote.RemoteWebElement.click(RemoteWebElement.java:84)
	at Keywords.Logout.LoginLogoutVerify(Logout.java:17)
	at Executer.ExecuteKeywords.ExecuteTheKeywords(ExecuteKeywords.java:86)
	at Executer.Execute.getSteps(Execute.java:26)
	at sun.reflect.GeneratedMethodAccessor2.invoke(Unknown Source)
	at sun.reflect.DelegatingMethodAccessorImpl.invoke(Unknown Source)
	at java.lang.reflect.Method.invoke(Unknown Source)
	at org.testng.internal.MethodInvocationHelper.invokeMethod(MethodInvocationHelper.java:104)
	at org.testng.internal.Invoker.invokeMethod(Invoker.java:645)
	at org.testng.internal.Invoker.invokeTestMethod(Invoker.java:851)
	at org.testng.internal.Invoker.invokeTestMethods(Invoker.java:1177)
	at org.testng.internal.TestMethodWorker.invokeTestMethods(TestMethodWorker.java:129)
	at org.testng.internal.TestMethodWorker.run(TestMethodWorker.java:112)
	at org.testng.TestRunner.privateRun(TestRunner.java:756)
	at org.testng.TestRunner.run(TestRunner.java:610)
	at org.testng.SuiteRunner.runTest(SuiteRunner.java:387)
	at org.testng.SuiteRunner.runSequentially(SuiteRunner.java:382)
	at org.testng.SuiteRunner.privateRun(SuiteRunner.java:340)
	at org.testng.SuiteRunner.run(SuiteRunner.java:289)
	at org.testng.SuiteRunnerWorker.runSuite(SuiteRunnerWorker.java:52)
	at org.testng.SuiteRunnerWorker.run(SuiteRunnerWorker.java:86)
	at org.testng.TestNG.runSuitesSequentially(TestNG.java:1293)
	at org.testng.TestNG.runSuitesLocally(TestNG.java:1218)
	at org.testng.TestNG.runSuites(TestNG.java:1133)
	at org.testng.TestNG.run(TestNG.java:1104)
	at org.testng.remote.AbstractRemoteTestNG.run(AbstractRemoteTestNG.java:132)
	at org.testng.remote.RemoteTestNG.initAndRun(RemoteTestNG.java:236)
	at org.testng.remote.RemoteTestNG.main(RemoteTestNG.java:81)
</div></td></tr></table><p class="totop"><a href="#summary">back to summary</a></p><h3 id="m3">Executer.Execute#getSteps</h3><table class="result"><tr class="param"><th>Parameter #1</th><th>Parameter #2</th><th>Parameter #3</th><th>Parameter #4</th><th>Parameter #5</th><th>Parameter #6</th><th>Parameter #7</th><th>Parameter #8</th><th>Parameter #9</th><th>Parameter #10</th></tr><tr class="param stripe"><td>SR-SysadminLogin</td><td>37.0</td><td>Fetch the User Name</td><td>GetMessage</td><td>.//*[@id=&apos;example&apos;]/tbody/tr/td[3]</td><td>NA</td><td>NA</td><td>NA</td><td>NA</td><td>NA</td></tr><tr><th colspan="10">Exception</th></tr><tr><td colspan="10"><div class="stacktrace">org.openqa.selenium.NoSuchElementException: no such element: Unable to locate element: {&quot;method&quot;:&quot;xpath&quot;,&quot;selector&quot;:&quot;.//*[@id=&apos;example&apos;]/tbody/tr/td[3]&quot;}
  (Session info: chrome=63.0.3239.132)
  (Driver info: chromedriver=2.33.506120 (e3e53437346286c0bc2d2dc9aa4915ba81d9023f),platform=Windows NT 6.1.7601 SP1 x86_64) (WARNING: The server did not provide any stacktrace information)
Command duration or timeout: 10.04 seconds
For documentation on this error, please visit: http://seleniumhq.org/exceptions/no_such_element.html
Build info: version: &apos;2.48.2&apos;, revision: &apos;41bccdd10cf2c0560f637404c2d96164b67d9d67&apos;, time: &apos;2015-10-09 13:08:06&apos;
System info: host: &apos;SDF4-110-017&apos;, ip: &apos;10.254.19.142&apos;, os.name: &apos;Windows 7&apos;, os.arch: &apos;x86&apos;, os.version: &apos;6.1&apos;, java.version: &apos;1.8.0_121&apos;
Driver info: org.openqa.selenium.chrome.ChromeDriver
Capabilities [{applicationCacheEnabled=false, rotatable=false, mobileEmulationEnabled=false, networkConnectionEnabled=false, chrome={chromedriverVersion=2.33.506120 (e3e53437346286c0bc2d2dc9aa4915ba81d9023f), userDataDir=C:\Users\ANUJ~1.JAI\AppData\Local\Temp\scoped_dir8540_12917}, takesHeapSnapshot=true, pageLoadStrategy=normal, databaseEnabled=false, handlesAlerts=true, hasTouchScreen=false, version=63.0.3239.132, platform=XP, browserConnectionEnabled=false, nativeEvents=true, acceptSslCerts=true, locationContextEnabled=true, webStorageEnabled=true, browserName=chrome, takesScreenshot=true, javascriptEnabled=true, cssSelectorsEnabled=true, setWindowRect=true, unexpectedAlertBehaviour=}]
Session ID: 8a125378267d7c7ff9618e46010a4842
*** Element info: {Using=xpath, value=.//*[@id=&apos;example&apos;]/tbody/tr/td[3]}
	at sun.reflect.NativeConstructorAccessorImpl.newInstance0(Native Method)
	at sun.reflect.NativeConstructorAccessorImpl.newInstance(Unknown Source)
	at sun.reflect.DelegatingConstructorAccessorImpl.newInstance(Unknown Source)
	at java.lang.reflect.Constructor.newInstance(Unknown Source)
	at org.openqa.selenium.remote.ErrorHandler.createThrowable(ErrorHandler.java:206)
	at org.openqa.selenium.remote.ErrorHandler.throwIfResponseFailed(ErrorHandler.java:158)
	at org.openqa.selenium.remote.RemoteWebDriver.execute(RemoteWebDriver.java:647)
	at org.openqa.selenium.remote.RemoteWebDriver.findElement(RemoteWebDriver.java:353)
	at org.openqa.selenium.remote.RemoteWebDriver.findElementByXPath(RemoteWebDriver.java:490)
	at org.openqa.selenium.By$ByXPath.findElement(By.java:361)
	at org.openqa.selenium.remote.RemoteWebDriver.findElement(RemoteWebDriver.java:345)
	at Keywords.getText.getMessage(getText.java:26)
	at Executer.ExecuteKeywords.ExecuteTheKeywords(ExecuteKeywords.java:78)
	at Executer.Execute.getSteps(Execute.java:26)
	at sun.reflect.GeneratedMethodAccessor2.invoke(Unknown Source)
	at sun.reflect.DelegatingMethodAccessorImpl.invoke(Unknown Source)
	at java.lang.reflect.Method.invoke(Unknown Source)
	at org.testng.internal.MethodInvocationHelper.invokeMethod(MethodInvocationHelper.java:104)
	at org.testng.internal.Invoker.invokeMethod(Invoker.java:645)
	at org.testng.internal.Invoker.invokeTestMethod(Invoker.java:851)
	at org.testng.internal.Invoker.invokeTestMethods(Invoker.java:1177)
	at org.testng.internal.TestMethodWorker.invokeTestMethods(TestMethodWorker.java:129)
	at org.testng.internal.TestMethodWorker.run(TestMethodWorker.java:112)
	at org.testng.TestRunner.privateRun(TestRunner.java:756)
	at org.testng.TestRunner.run(TestRunner.java:610)
	at org.testng.SuiteRunner.runTest(SuiteRunner.java:387)
	at org.testng.SuiteRunner.runSequentially(SuiteRunner.java:382)
	at org.testng.SuiteRunner.privateRun(SuiteRunner.java:340)
	at org.testng.SuiteRunner.run(SuiteRunner.java:289)
	at org.testng.SuiteRunnerWorker.runSuite(SuiteRunnerWorker.java:52)
	at org.testng.SuiteRunnerWorker.run(SuiteRunnerWorker.java:86)
	at org.testng.TestNG.runSuitesSequentially(TestNG.java:1293)
	at org.testng.TestNG.runSuitesLocally(TestNG.java:1218)
	at org.testng.TestNG.runSuites(TestNG.java:1133)
	at org.testng.TestNG.run(TestNG.java:1104)
	at org.testng.remote.AbstractRemoteTestNG.run(AbstractRemoteTestNG.java:132)
	at org.testng.remote.RemoteTestNG.initAndRun(RemoteTestNG.java:236)
	at org.testng.remote.RemoteTestNG.main(RemoteTestNG.java:81)
</div></td></tr></table><p class="totop"><a href="#summary">back to summary</a></p><h3 id="m4">Executer.Execute#getSteps</h3><table class="result"><tr class="param"><th>Parameter #1</th><th>Parameter #2</th><th>Parameter #3</th><th>Parameter #4</th><th>Parameter #5</th><th>Parameter #6</th><th>Parameter #7</th><th>Parameter #8</th><th>Parameter #9</th><th>Parameter #10</th></tr><tr class="param stripe"><td>SR-SysadminLogin</td><td>28.0</td><td>Click on the Submit Button</td><td>Click</td><td>.//*[@id=&apos;btnSubmit&apos;]</td><td>NA</td><td>NA</td><td>NA</td><td>NA</td><td>NA</td></tr><tr><th colspan="10">Exception</th></tr><tr><td colspan="10"><div class="stacktrace">org.openqa.selenium.NoSuchElementException: no such element: Unable to locate element: {&quot;method&quot;:&quot;xpath&quot;,&quot;selector&quot;:&quot;.//*[@id=&apos;btnSubmit&apos;]&quot;}
  (Session info: chrome=63.0.3239.132)
  (Driver info: chromedriver=2.33.506120 (e3e53437346286c0bc2d2dc9aa4915ba81d9023f),platform=Windows NT 6.1.7601 SP1 x86_64) (WARNING: The server did not provide any stacktrace information)
Command duration or timeout: 10.02 seconds
For documentation on this error, please visit: http://seleniumhq.org/exceptions/no_such_element.html
Build info: version: &apos;2.48.2&apos;, revision: &apos;41bccdd10cf2c0560f637404c2d96164b67d9d67&apos;, time: &apos;2015-10-09 13:08:06&apos;
System info: host: &apos;SDF4-110-017&apos;, ip: &apos;10.254.19.142&apos;, os.name: &apos;Windows 7&apos;, os.arch: &apos;x86&apos;, os.version: &apos;6.1&apos;, java.version: &apos;1.8.0_121&apos;
Driver info: org.openqa.selenium.chrome.ChromeDriver
Capabilities [{applicationCacheEnabled=false, rotatable=false, mobileEmulationEnabled=false, networkConnectionEnabled=false, chrome={chromedriverVersion=2.33.506120 (e3e53437346286c0bc2d2dc9aa4915ba81d9023f), userDataDir=C:\Users\ANUJ~1.JAI\AppData\Local\Temp\scoped_dir8540_12917}, takesHeapSnapshot=true, pageLoadStrategy=normal, databaseEnabled=false, handlesAlerts=true, hasTouchScreen=false, version=63.0.3239.132, platform=XP, browserConnectionEnabled=false, nativeEvents=true, acceptSslCerts=true, locationContextEnabled=true, webStorageEnabled=true, browserName=chrome, takesScreenshot=true, javascriptEnabled=true, cssSelectorsEnabled=true, setWindowRect=true, unexpectedAlertBehaviour=}]
Session ID: 8a125378267d7c7ff9618e46010a4842
*** Element info: {Using=xpath, value=.//*[@id=&apos;btnSubmit&apos;]}
	at sun.reflect.NativeConstructorAccessorImpl.newInstance0(Native Method)
	at sun.reflect.NativeConstructorAccessorImpl.newInstance(Unknown Source)
	at sun.reflect.DelegatingConstructorAccessorImpl.newInstance(Unknown Source)
	at java.lang.reflect.Constructor.newInstance(Unknown Source)
	at org.openqa.selenium.remote.ErrorHandler.createThrowable(ErrorHandler.java:206)
	at org.openqa.selenium.remote.ErrorHandler.throwIfResponseFailed(ErrorHandler.java:158)
	at org.openqa.selenium.remote.RemoteWebDriver.execute(RemoteWebDriver.java:647)
	at org.openqa.selenium.remote.RemoteWebDriver.findElement(RemoteWebDriver.java:353)
	at org.openqa.selenium.remote.RemoteWebDriver.findElementByXPath(RemoteWebDriver.java:490)
	at org.openqa.selenium.By$ByXPath.findElement(By.java:361)
	at org.openqa.selenium.remote.RemoteWebDriver.findElement(RemoteWebDriver.java:345)
	at Keywords.click.clickTheButton(click.java:15)
	at Executer.ExecuteKeywords.ExecuteTheKeywords(ExecuteKeywords.java:66)
	at Executer.Execute.getSteps(Execute.java:26)
	at sun.reflect.GeneratedMethodAccessor2.invoke(Unknown Source)
	at sun.reflect.DelegatingMethodAccessorImpl.invoke(Unknown Source)
	at java.lang.reflect.Method.invoke(Unknown Source)
	at org.testng.internal.MethodInvocationHelper.invokeMethod(MethodInvocationHelper.java:104)
	at org.testng.internal.Invoker.invokeMethod(Invoker.java:645)
	at org.testng.internal.Invoker.invokeTestMethod(Invoker.java:851)
	at org.testng.internal.Invoker.invokeTestMethods(Invoker.java:1177)
	at org.testng.internal.TestMethodWorker.invokeTestMethods(TestMethodWorker.java:129)
	at org.testng.internal.TestMethodWorker.run(TestMethodWorker.java:112)
	at org.testng.TestRunner.privateRun(TestRunner.java:756)
	at org.testng.TestRunner.run(TestRunner.java:610)
	at org.testng.SuiteRunner.runTest(SuiteRunner.java:387)
	at org.testng.SuiteRunner.runSequentially(SuiteRunner.java:382)
	at org.testng.SuiteRunner.privateRun(SuiteRunner.java:340)
	at org.testng.SuiteRunner.run(SuiteRunner.java:289)
	at org.testng.SuiteRunnerWorker.runSuite(SuiteRunnerWorker.java:52)
	at org.testng.SuiteRunnerWorker.run(SuiteRunnerWorker.java:86)
	at org.testng.TestNG.runSuitesSequentially(TestNG.java:1293)
	at org.testng.TestNG.runSuitesLocally(TestNG.java:1218)
	at org.testng.TestNG.runSuites(TestNG.java:1133)
	at org.testng.TestNG.run(TestNG.java:1104)
	at org.testng.remote.AbstractRemoteTestNG.run(AbstractRemoteTestNG.java:132)
	at org.testng.remote.RemoteTestNG.initAndRun(RemoteTestNG.java:236)
	at org.testng.remote.RemoteTestNG.main(RemoteTestNG.java:81)
</div></td></tr></table><p class="totop"><a href="#summary">back to summary</a></p><h3 id="m5">Executer.Execute#getSteps</h3><table class="result"><tr class="param"><th>Parameter #1</th><th>Parameter #2</th><th>Parameter #3</th><th>Parameter #4</th><th>Parameter #5</th><th>Parameter #6</th><th>Parameter #7</th><th>Parameter #8</th><th>Parameter #9</th><th>Parameter #10</th></tr><tr class="param stripe"><td>SR-SysadminLogin</td><td>36.0</td><td>Enter the Name</td><td>SendText</td><td>.//*[@id=&apos;example_filter&apos;]/label/input</td><td>F5</td><td>NA</td><td>NA</td><td>NA</td><td>NA</td></tr></table><p class="totop"><a href="#summary">back to summary</a></p><h3 id="m6">Executer.Execute#getSteps</h3><table class="result"><tr class="param"><th>Parameter #1</th><th>Parameter #2</th><th>Parameter #3</th><th>Parameter #4</th><th>Parameter #5</th><th>Parameter #6</th><th>Parameter #7</th><th>Parameter #8</th><th>Parameter #9</th><th>Parameter #10</th></tr><tr class="param stripe"><td>SR-SysadminLogin</td><td>40.0</td><td>Close the Browser</td><td>CloseBrowser</td><td>NA</td><td>NA</td><td>NA</td><td>NA</td><td>NA</td><td>NA</td></tr></table><p class="totop"><a href="#summary">back to summary</a></p><h3 id="m7">Executer.Execute#getSteps</h3><table class="result"><tr class="param"><th>Parameter #1</th><th>Parameter #2</th><th>Parameter #3</th><th>Parameter #4</th><th>Parameter #5</th><th>Parameter #6</th><th>Parameter #7</th><th>Parameter #8</th><th>Parameter #9</th><th>Parameter #10</th></tr><tr class="param stripe"><td>Self Registration</td><td>20.0</td><td>Go to the Inbox</td><td>Refresh</td><td>NA</td><td>NA</td><td>NA</td><td>NA</td><td>NA</td><td>NA</td></tr></table><p class="totop"><a href="#summary">back to summary</a></p><h3 id="m8">Executer.Execute#getSteps</h3><table class="result"><tr class="param"><th>Parameter #1</th><th>Parameter #2</th><th>Parameter #3</th><th>Parameter #4</th><th>Parameter #5</th><th>Parameter #6</th><th>Parameter #7</th><th>Parameter #8</th><th>Parameter #9</th><th>Parameter #10</th></tr><tr class="param stripe"><td>SR-SysadminLogin</td><td>25.0</td><td>Go to the URL</td><td>LaunchBrowser</td><td>NA</td><td>http://172.1.254.215:90/IPPGeneric</td><td>Chrome</td><td>NA</td><td>NA</td><td>NA</td></tr></table><p class="totop"><a href="#summary">back to summary</a></p><h3 id="m9">Executer.Execute#getSteps</h3><table class="result"><tr class="param"><th>Parameter #1</th><th>Parameter #2</th><th>Parameter #3</th><th>Parameter #4</th><th>Parameter #5</th><th>Parameter #6</th><th>Parameter #7</th><th>Parameter #8</th><th>Parameter #9</th><th>Parameter #10</th></tr><tr class="param stripe"><td>Self Registration</td><td>9.0</td><td>Go to the URL</td><td>LaunchBrowser</td><td>NA</td><td>http://172.1.254.215:90/DGSL</td><td>Chrome</td><td>NA</td><td>NA</td><td>NA</td></tr></table><p class="totop"><a href="#summary">back to summary</a></p><h3 id="m10">Executer.Execute#getSteps</h3><table class="result"><tr class="param"><th>Parameter #1</th><th>Parameter #2</th><th>Parameter #3</th><th>Parameter #4</th><th>Parameter #5</th><th>Parameter #6</th><th>Parameter #7</th><th>Parameter #8</th><th>Parameter #9</th><th>Parameter #10</th></tr><tr class="param stripe"><td>Self Registration</td><td>17.0</td><td>Click on the Dropdown</td><td>Click</td><td>.//*[@id=&apos;DrpActivityList&apos;]/span/span[1]/span[1]</td><td>NA</td><td>NA</td><td>NA</td><td>NA</td><td>NA</td></tr></table><p class="totop"><a href="#summary">back to summary</a></p><h3 id="m11">Executer.Execute#getSteps</h3><table class="result"><tr class="param"><th>Parameter #1</th><th>Parameter #2</th><th>Parameter #3</th><th>Parameter #4</th><th>Parameter #5</th><th>Parameter #6</th><th>Parameter #7</th><th>Parameter #8</th><th>Parameter #9</th><th>Parameter #10</th></tr><tr class="param stripe"><td>Self Registration</td><td>3.0</td><td>enter the Commodity</td><td>SendText</td><td>.//*[@id=&apos;FileSaveVendor_Commodity&apos;]</td><td>Electrical Equipment</td><td>NA</td><td>NA</td><td>NA</td><td>NA</td></tr></table><p class="totop"><a href="#summary">back to summary</a></p><h3 id="m12">Executer.Execute#getSteps</h3><table class="result"><tr class="param"><th>Parameter #1</th><th>Parameter #2</th><th>Parameter #3</th><th>Parameter #4</th><th>Parameter #5</th><th>Parameter #6</th><th>Parameter #7</th><th>Parameter #8</th><th>Parameter #9</th><th>Parameter #10</th></tr><tr class="param stripe"><td>SR-SysadminLogin</td><td>34.0</td><td>Go to the User Master</td><td>Click</td><td>.//*[text()=&apos;User&apos;]</td><td>NA</td><td>NA</td><td>NA</td><td>NA</td><td>NA</td></tr></table><p class="totop"><a href="#summary">back to summary</a></p><h3 id="m13">Executer.Execute#getSteps</h3><table class="result"><tr class="param"><th>Parameter #1</th><th>Parameter #2</th><th>Parameter #3</th><th>Parameter #4</th><th>Parameter #5</th><th>Parameter #6</th><th>Parameter #7</th><th>Parameter #8</th><th>Parameter #9</th><th>Parameter #10</th></tr><tr class="param stripe"><td>Self Registration</td><td>1.0</td><td>Go to the URL</td><td>LaunchBrowser</td><td>NA</td><td>http://172.1.254.215:90/DGSL/plugin/Vendor/Vendor?ClientID=16&amp;ProjectCode=IPM122917&amp;ApplicationName=DGSL</td><td>Chrome</td><td>NA</td><td>NA</td><td>NA</td></tr></table><p class="totop"><a href="#summary">back to summary</a></p><h3 id="m14">Executer.Execute#getSteps</h3><table class="result"><tr class="param"><th>Parameter #1</th><th>Parameter #2</th><th>Parameter #3</th><th>Parameter #4</th><th>Parameter #5</th><th>Parameter #6</th><th>Parameter #7</th><th>Parameter #8</th><th>Parameter #9</th><th>Parameter #10</th></tr><tr class="param stripe"><td>SR-SysadminLogin</td><td>30.0</td><td>Go to the User Master</td><td>Click</td><td>.//*[text()=&apos;Adminstrator&apos;]</td><td>NA</td><td>NA</td><td>NA</td><td>NA</td><td>NA</td></tr></table><p class="totop"><a href="#summary">back to summary</a></p><h3 id="m15">Executer.Execute#getSteps</h3><table class="result"><tr class="param"><th>Parameter #1</th><th>Parameter #2</th><th>Parameter #3</th><th>Parameter #4</th><th>Parameter #5</th><th>Parameter #6</th><th>Parameter #7</th><th>Parameter #8</th><th>Parameter #9</th><th>Parameter #10</th></tr><tr class="param stripe"><td>Self Registration</td><td>16.0</td><td>Click on the View transaction</td><td>Click</td><td>.//*[text()=&apos;View Transaction&apos;]</td><td>NA</td><td>NA</td><td>NA</td><td>NA</td><td>NA</td></tr></table><p class="totop"><a href="#summary">back to summary</a></p><h3 id="m16">Executer.Execute#getSteps</h3><table class="result"><tr class="param"><th>Parameter #1</th><th>Parameter #2</th><th>Parameter #3</th><th>Parameter #4</th><th>Parameter #5</th><th>Parameter #6</th><th>Parameter #7</th><th>Parameter #8</th><th>Parameter #9</th><th>Parameter #10</th></tr><tr class="param stripe"><td>Self Registration</td><td>21.0</td><td>Wait for the Element</td><td>Wait</td><td>NA</td><td>10000.0</td><td>NA</td><td>NA</td><td>NA</td><td>NA</td></tr></table><p class="totop"><a href="#summary">back to summary</a></p><h3 id="m17">Executer.Execute#getSteps</h3><table class="result"><tr class="param"><th>Parameter #1</th><th>Parameter #2</th><th>Parameter #3</th><th>Parameter #4</th><th>Parameter #5</th><th>Parameter #6</th><th>Parameter #7</th><th>Parameter #8</th><th>Parameter #9</th><th>Parameter #10</th></tr><tr class="param stripe"><td>Self Registration</td><td>15.0</td><td>Select the Specific Records</td><td>Table</td><td>.//*[@class=&apos;k-selectable&apos;]/tbody/tr/td[1]</td><td>.//*[@class=&apos;k-selectable&apos;]/tbody/tr/td[1]</td><td>F3</td><td>NA</td><td>NA</td><td>NA</td></tr></table><p class="totop"><a href="#summary">back to summary</a></p><h3 id="m18">Executer.Execute#getSteps</h3><table class="result"><tr class="param"><th>Parameter #1</th><th>Parameter #2</th><th>Parameter #3</th><th>Parameter #4</th><th>Parameter #5</th><th>Parameter #6</th><th>Parameter #7</th><th>Parameter #8</th><th>Parameter #9</th><th>Parameter #10</th></tr><tr class="param stripe"><td>SR-SysadminLogin</td><td>31.0</td><td>Wait for the Element</td><td>Wait</td><td>NA</td><td>1000.0</td><td>NA</td><td>NA</td><td>NA</td><td>NA</td></tr></table><p class="totop"><a href="#summary">back to summary</a></p><h3 id="m19">Executer.Execute#getSteps</h3><table class="result"><tr class="param"><th>Parameter #1</th><th>Parameter #2</th><th>Parameter #3</th><th>Parameter #4</th><th>Parameter #5</th><th>Parameter #6</th><th>Parameter #7</th><th>Parameter #8</th><th>Parameter #9</th><th>Parameter #10</th></tr><tr class="param stripe"><td>Self Registration</td><td>12.0</td><td>Click on the Submit Button</td><td>Click</td><td>.//*[@id=&apos;btnSubmit&apos;]</td><td>NA</td><td>NA</td><td>NA</td><td>NA</td><td>NA</td></tr></table><p class="totop"><a href="#summary">back to summary</a></p><h3 id="m20">Executer.Execute#getSteps</h3><table class="result"><tr class="param"><th>Parameter #1</th><th>Parameter #2</th><th>Parameter #3</th><th>Parameter #4</th><th>Parameter #5</th><th>Parameter #6</th><th>Parameter #7</th><th>Parameter #8</th><th>Parameter #9</th><th>Parameter #10</th></tr><tr class="param stripe"><td>Self Registration</td><td>24.0</td><td>Close the Browser</td><td>CloseBrowser</td><td>NA</td><td>NA</td><td>NA</td><td>NA</td><td>NA</td><td>NA</td></tr></table><p class="totop"><a href="#summary">back to summary</a></p><h3 id="m21">Executer.Execute#getSteps</h3><table class="result"><tr class="param"><th>Parameter #1</th><th>Parameter #2</th><th>Parameter #3</th><th>Parameter #4</th><th>Parameter #5</th><th>Parameter #6</th><th>Parameter #7</th><th>Parameter #8</th><th>Parameter #9</th><th>Parameter #10</th></tr><tr class="param stripe"><td>SR-SysadminLogin</td><td>26.0</td><td>Enter the user Name and Password</td><td>Login</td><td>NA</td><td>sysadmin</td><td>Sysadmin@123</td><td>NA</td><td>NA</td><td>NA</td></tr></table><p class="totop"><a href="#summary">back to summary</a></p><h3 id="m22">Executer.Execute#getSteps</h3><table class="result"><tr class="param"><th>Parameter #1</th><th>Parameter #2</th><th>Parameter #3</th><th>Parameter #4</th><th>Parameter #5</th><th>Parameter #6</th><th>Parameter #7</th><th>Parameter #8</th><th>Parameter #9</th><th>Parameter #10</th></tr><tr class="param stripe"><td>Self Registration</td><td>7.0</td><td>Submit the Registration Page</td><td>Click</td><td>.//*[@id=&apos;btnSubmit&apos;]</td><td>NA</td><td>NA</td><td>NA</td><td>NA</td><td>NA</td></tr></table><p class="totop"><a href="#summary">back to summary</a></p><h3 id="m23">Executer.Execute#getSteps</h3><table class="result"><tr class="param"><th>Parameter #1</th><th>Parameter #2</th><th>Parameter #3</th><th>Parameter #4</th><th>Parameter #5</th><th>Parameter #6</th><th>Parameter #7</th><th>Parameter #8</th><th>Parameter #9</th><th>Parameter #10</th></tr><tr class="param stripe"><td>Self Registration</td><td>5.0</td><td>Enter the Email ID</td><td>SendText</td><td>.//*[@id=&apos;FileSaveVendor_Email_ID&apos;]</td><td>nilesh.chandane@datamatics.com</td><td>NA</td><td>NA</td><td>NA</td><td>NA</td></tr></table><p class="totop"><a href="#summary">back to summary</a></p><h3 id="m24">Executer.Execute#getSteps</h3><table class="result"><tr class="param"><th>Parameter #1</th><th>Parameter #2</th><th>Parameter #3</th><th>Parameter #4</th><th>Parameter #5</th><th>Parameter #6</th><th>Parameter #7</th><th>Parameter #8</th><th>Parameter #9</th><th>Parameter #10</th></tr><tr class="param stripe"><td>Self Registration</td><td>2.0</td><td>Enter the Vendor Name</td><td>SendText</td><td>.//*[@id=&apos;FileSaveVendor_Name&apos;]</td><td>Global Solutions</td><td>NA</td><td>NA</td><td>NA</td><td>NA</td></tr></table><p class="totop"><a href="#summary">back to summary</a></p><h3 id="m25">Executer.Execute#getSteps</h3><table class="result"><tr class="param"><th>Parameter #1</th><th>Parameter #2</th><th>Parameter #3</th><th>Parameter #4</th><th>Parameter #5</th><th>Parameter #6</th><th>Parameter #7</th><th>Parameter #8</th><th>Parameter #9</th><th>Parameter #10</th></tr><tr class="param stripe"><td>Self Registration</td><td>8.0</td><td>close the browser</td><td>CloseBrowser</td><td>NA</td><td>NA</td><td>NA</td><td>NA</td><td>NA</td><td>NA</td></tr></table><p class="totop"><a href="#summary">back to summary</a></p><h3 id="m26">Executer.Execute#getSteps</h3><table class="result"><tr class="param"><th>Parameter #1</th><th>Parameter #2</th><th>Parameter #3</th><th>Parameter #4</th><th>Parameter #5</th><th>Parameter #6</th><th>Parameter #7</th><th>Parameter #8</th><th>Parameter #9</th><th>Parameter #10</th></tr><tr class="param stripe"><td>Self Registration</td><td>23.0</td><td>Wait for the Element</td><td>Wait</td><td>NA</td><td>3000.0</td><td>NA</td><td>NA</td><td>NA</td><td>NA</td></tr></table><p class="totop"><a href="#summary">back to summary</a></p><h3 id="m27">Executer.Execute#getSteps</h3><table class="result"><tr class="param"><th>Parameter #1</th><th>Parameter #2</th><th>Parameter #3</th><th>Parameter #4</th><th>Parameter #5</th><th>Parameter #6</th><th>Parameter #7</th><th>Parameter #8</th><th>Parameter #9</th><th>Parameter #10</th></tr><tr class="param stripe"><td>Self Registration</td><td>10.0</td><td>Enter the user Name and Password</td><td>Login</td><td>NA</td><td>Fuser1</td><td>Sysadmin@123</td><td>NA</td><td>NA</td><td>NA</td></tr></table><p class="totop"><a href="#summary">back to summary</a></p><h3 id="m28">Executer.Execute#getSteps</h3><table class="result"><tr class="param"><th>Parameter #1</th><th>Parameter #2</th><th>Parameter #3</th><th>Parameter #4</th><th>Parameter #5</th><th>Parameter #6</th><th>Parameter #7</th><th>Parameter #8</th><th>Parameter #9</th><th>Parameter #10</th></tr><tr class="param stripe"><td>Self Registration</td><td>14.0</td><td>click on the Vendor Registration</td><td>Click</td><td>.//*[text()=&apos;Vendor Registration&apos;]</td><td>NA</td><td>NA</td><td>NA</td><td>NA</td><td>NA</td></tr></table><p class="totop"><a href="#summary">back to summary</a></p><h3 id="m29">Executer.Execute#getSteps</h3><table class="result"><tr class="param"><th>Parameter #1</th><th>Parameter #2</th><th>Parameter #3</th><th>Parameter #4</th><th>Parameter #5</th><th>Parameter #6</th><th>Parameter #7</th><th>Parameter #8</th><th>Parameter #9</th><th>Parameter #10</th></tr><tr class="param stripe"><td>Self Registration</td><td>6.0</td><td>Enter the Phone no</td><td>SendText</td><td>.//*[@id=&apos;FileSaveVendor_Phone_No&apos;]</td><td>7896551240</td><td>NA</td><td>NA</td><td>NA</td><td>NA</td></tr></table><p class="totop"><a href="#summary">back to summary</a></p><h3 id="m30">Executer.Execute#getSteps</h3><table class="result"><tr class="param"><th>Parameter #1</th><th>Parameter #2</th><th>Parameter #3</th><th>Parameter #4</th><th>Parameter #5</th><th>Parameter #6</th><th>Parameter #7</th><th>Parameter #8</th><th>Parameter #9</th><th>Parameter #10</th></tr><tr class="param stripe"><td>SR-SysadminLogin</td><td>29.0</td><td>Wait for the Element</td><td>Wait</td><td>NA</td><td>50000.0</td><td>NA</td><td>NA</td><td>NA</td><td>NA</td></tr></table><p class="totop"><a href="#summary">back to summary</a></p><h3 id="m31">Executer.Execute#getSteps</h3><table class="result"><tr class="param"><th>Parameter #1</th><th>Parameter #2</th><th>Parameter #3</th><th>Parameter #4</th><th>Parameter #5</th><th>Parameter #6</th><th>Parameter #7</th><th>Parameter #8</th><th>Parameter #9</th><th>Parameter #10</th></tr><tr class="param stripe"><td>Self Registration</td><td>4.0</td><td>Enter the contact Person</td><td>SendText</td><td>.//*[@id=&apos;FileSaveVendor_Contact_Person&apos;]</td><td>Nilesh Chandane</td><td>NA</td><td>NA</td><td>NA</td><td>NA</td></tr></table><p class="totop"><a href="#summary">back to summary</a></p><h3 id="m32">Executer.Execute#getSteps</h3><table class="result"><tr class="param"><th>Parameter #1</th><th>Parameter #2</th><th>Parameter #3</th><th>Parameter #4</th><th>Parameter #5</th><th>Parameter #6</th><th>Parameter #7</th><th>Parameter #8</th><th>Parameter #9</th><th>Parameter #10</th></tr><tr class="param stripe"><td>SR-SysadminLogin</td><td>33.0</td><td>Wait for the Element</td><td>Wait</td><td>NA</td><td>1000.0</td><td>NA</td><td>NA</td><td>NA</td><td>NA</td></tr></table><p class="totop"><a href="#summary">back to summary</a></p><h3 id="m33">Executer.Execute#getSteps</h3><table class="result"><tr class="param"><th>Parameter #1</th><th>Parameter #2</th><th>Parameter #3</th><th>Parameter #4</th><th>Parameter #5</th><th>Parameter #6</th><th>Parameter #7</th><th>Parameter #8</th><th>Parameter #9</th><th>Parameter #10</th></tr><tr class="param stripe"><td>Self Registration</td><td>13.0</td><td>Wait for the Element</td><td>Wait</td><td>NA</td><td>1000.0</td><td>NA</td><td>NA</td><td>NA</td><td>NA</td></tr></table><p class="totop"><a href="#summary">back to summary</a></p><h3 id="m34">Executer.Execute#getSteps</h3><table class="result"><tr class="param"><th>Parameter #1</th><th>Parameter #2</th><th>Parameter #3</th><th>Parameter #4</th><th>Parameter #5</th><th>Parameter #6</th><th>Parameter #7</th><th>Parameter #8</th><th>Parameter #9</th><th>Parameter #10</th></tr><tr class="param stripe"><td>Self Registration</td><td>19.0</td><td>Submit the Vendor Registration</td><td>Click</td><td>.//*[@id=&apos;Update2&apos;]</td><td>NA</td><td>NA</td><td>NA</td><td>NA</td><td>NA</td></tr></table><p class="totop"><a href="#summary">back to summary</a></p><h3 id="m35">Executer.Execute#getSteps</h3><table class="result"><tr class="param"><th>Parameter #1</th><th>Parameter #2</th><th>Parameter #3</th><th>Parameter #4</th><th>Parameter #5</th><th>Parameter #6</th><th>Parameter #7</th><th>Parameter #8</th><th>Parameter #9</th><th>Parameter #10</th></tr><tr class="param stripe"><td>SR-SysadminLogin</td><td>41.0</td><td>Wait for the Element</td><td>Wait</td><td>NA</td><td>3000.0</td><td>NA</td><td>NA</td><td>NA</td><td>NA</td></tr></table><p class="totop"><a href="#summary">back to summary</a></p><h3 id="m36">Executer.Execute#getSteps</h3><table class="result"><tr class="param"><th>Parameter #1</th><th>Parameter #2</th><th>Parameter #3</th><th>Parameter #4</th><th>Parameter #5</th><th>Parameter #6</th><th>Parameter #7</th><th>Parameter #8</th><th>Parameter #9</th><th>Parameter #10</th></tr><tr class="param stripe"><td>Self Registration</td><td>11.0</td><td>Click on the Radio Button</td><td>Click</td><td>.//*[@id=&apos;choice1&apos;]</td><td>NA</td><td>NA</td><td>NA</td><td>NA</td><td>NA</td></tr></table><p class="totop"><a href="#summary">back to summary</a></p><h3 id="m37">Executer.Execute#getSteps</h3><table class="result"><tr class="param"><th>Parameter #1</th><th>Parameter #2</th><th>Parameter #3</th><th>Parameter #4</th><th>Parameter #5</th><th>Parameter #6</th><th>Parameter #7</th><th>Parameter #8</th><th>Parameter #9</th><th>Parameter #10</th></tr><tr class="param stripe"><td>Self Registration</td><td>18.0</td><td>Select The dropdown value</td><td>Click</td><td>.//*[@id=&apos;Activity_Code_listbox&apos;]/li[1]</td><td>NA</td><td>NA</td><td>NA</td><td>NA</td><td>NA</td></tr></table><p class="totop"><a href="#summary">back to summary</a></p><h3 id="m38">Executer.Execute#getSteps</h3><table class="result"><tr class="param"><th>Parameter #1</th><th>Parameter #2</th><th>Parameter #3</th><th>Parameter #4</th><th>Parameter #5</th><th>Parameter #6</th><th>Parameter #7</th><th>Parameter #8</th><th>Parameter #9</th><th>Parameter #10</th></tr><tr class="param stripe"><td>SR-SysadminLogin</td><td>35.0</td><td>Wait for the Element</td><td>Wait</td><td>NA</td><td>3000.0</td><td>G31</td><td>H31</td><td>I31</td><td>NA</td></tr></table><p class="totop"><a href="#summary">back to summary</a></p><h3 id="m39">Executer.Execute#getSteps</h3><table class="result"><tr class="param"><th>Parameter #1</th><th>Parameter #2</th><th>Parameter #3</th><th>Parameter #4</th><th>Parameter #5</th><th>Parameter #6</th><th>Parameter #7</th><th>Parameter #8</th><th>Parameter #9</th><th>Parameter #10</th></tr><tr class="param stripe"><td>SR-SysadminLogin</td><td>39.0</td><td>Wait for the Element</td><td>Wait</td><td>NA</td><td>3000.0</td><td>NA</td><td>NA</td><td>NA</td><td>NA</td></tr></table><p class="totop"><a href="#summary">back to summary</a></p><h3 id="m40">Executer.Execute#getSteps</h3><table class="result"><tr class="param"><th>Parameter #1</th><th>Parameter #2</th><th>Parameter #3</th><th>Parameter #4</th><th>Parameter #5</th><th>Parameter #6</th><th>Parameter #7</th><th>Parameter #8</th><th>Parameter #9</th><th>Parameter #10</th></tr><tr class="param stripe"><td>SR-SysadminLogin</td><td>32.0</td><td>Go to the User Master</td><td>Click</td><td>.//*[text()=&apos;User Management &apos;]</td><td>NA</td><td>NA</td><td>NA</td><td>NA</td><td>NA</td></tr></table><p class="totop"><a href="#summary">back to summary</a></p></body></html>